[INFO] ----------------------------------------------------------------------------
[INFO] Building Continuum Core
[INFO] ----------------------------------------------------------------------------
[INFO] [resources:resources]
[INFO] [compiler:compile]
Compiling 61 source files to /home/jvanzyl/js/org.codehaus/continuum-apache/continuum-core/target/classes
[INFO] [resources:testResources]
[INFO] [compiler:testCompile]
Compiling 10 source files to /home/jvanzyl/js/org.codehaus/continuum-apache/continuum-core/target/test-classes
[INFO] [surefire:test]
Setting reports dir: /home/jvanzyl/js/org.codehaus/continuum-apache/continuum-core/target/surefire-reports

-------------------------------------------------------
 T E S T S
-------------------------------------------------------
[INFO] Initializing JDO.
07:20:30,113 INFO  [JPOX.RDBMS] - Adapter initialised : HSQLAdapter, HSQL Database Engine version 1.7.3 major 1 minor 7
Maximum Table Name Length=0
Maximum Constraint Name Length=0
Maximum Table Name Length=0
Maximum Table Name Length=0
Supports Catalogs in DDL=false
Supports Schemas in DDL=false
Supports lowercase identifiers=false
Supports MixedCase identifiers=false
Supports UPPERCASE identifiers=true
07:20:30,143 INFO  [JPOX.RDBMS] - Creating table DELETE_ME1112624430130
07:20:30,170 WARN  [JPOX.RDBMS.SCHEMA] - Catalog Name could not be determined for this datastore
07:20:30,171 WARN  [JPOX.RDBMS.SCHEMA] - Schema Name could not be determined for this datastore
07:20:30,171 INFO  [JPOX.RDBMS] - Dropping table DELETE_ME1112624430130
07:20:30,171 INFO  [JPOX.RDBMS.SCHEMA] - Initialising Catalog "", Schema "" using "SchemaTable" auto-start option
07:20:30,185 INFO  [JPOX.RDBMS] - Creating table JPOX_TABLES
07:20:30,327 INFO  [JPOX.RDBMS.SCHEMA] - Catalog "", Schema "" initialised - managing 0 classes
07:20:30,561 INFO  [JPOX.RDBMS.SCHEMA] - Managing Persistence of Class : org.apache.maven.continuum.project.ContinuumBuildResult -- Table : CONTINUUMBUILDRESULT
07:20:30,568 INFO  [JPOX.RDBMS.SCHEMA] - Managing Persistence of Class : org.apache.maven.continuum.project.ContinuumBuild -- Table : CONTINUUMBUILD
07:20:30,568 INFO  [JPOX.RDBMS.SCHEMA] - Managing Persistence of Class : org.apache.maven.continuum.project.ContinuumProject -- Table : CONTINUUMPROJECT
07:20:30,575 INFO  [JPOX.RDBMS.SCHEMA] - Managing Persistence of Field : org.apache.maven.continuum.project.ContinuumBuildResult.changedFiles -- Table : CONTINUUMBUILDRESULT_CHANGEDFILES
07:20:30,576 INFO  [JPOX.RDBMS.SCHEMA] - Managing Persistence of Field : org.apache.maven.continuum.project.ContinuumProject.builds -- Table : CONTINUUMPROJECT_BUILDS
07:20:30,604 WARN  [JPOX.RDBMS.SCHEMA] - No column info found for table CONTINUUMBUILD
07:20:30,609 INFO  [JPOX.RDBMS] - Creating table CONTINUUMBUILD
07:20:30,633 WARN  [JPOX.RDBMS.SCHEMA] - No column info found for table CONTINUUMBUILDRESULT
07:20:30,634 INFO  [JPOX.RDBMS] - Creating table CONTINUUMBUILDRESULT
07:20:30,682 WARN  [JPOX.RDBMS.SCHEMA] - No column info found for table CONTINUUMPROJECT
07:20:30,683 INFO  [JPOX.RDBMS] - Creating table CONTINUUMPROJECT
07:20:30,715 WARN  [JPOX.RDBMS.SCHEMA] - No column info found for table CONTINUUMBUILDRESULT_CHANGEDFILES
07:20:30,715 INFO  [JPOX.RDBMS] - Creating table CONTINUUMBUILDRESULT_CHANGEDFILES
07:20:30,726 WARN  [JPOX.RDBMS.SCHEMA] - No column info found for table CONTINUUMPROJECT_BUILDS
07:20:30,727 INFO  [JPOX.RDBMS] - Creating table CONTINUUMPROJECT_BUILDS
07:20:30,740 INFO  [JPOX.RDBMS] - Creating foreign key constraint : .CONTINUUMBUILD_FK2
07:20:30,741 INFO  [JPOX.RDBMS] - Creating foreign key constraint : .CONTINUUMBUILD_FK1
07:20:30,743 INFO  [JPOX.RDBMS] - Creating foreign key constraint : .CONTINUUMBUILDRESULT_FK1
07:20:30,747 INFO  [JPOX.RDBMS] - Creating foreign key constraint : .CONTINUUMBUILDRESULT_CHANGEDFILES_FK1
07:20:30,865 INFO  [JPOX.RDBMS] - Creating foreign key constraint : .CONTINUUMPROJECT_BUILDS_FK2
07:20:30,865 INFO  [JPOX.RDBMS] - Creating foreign key constraint : .CONTINUUMPROJECT_BUILDS_FK1
07:20:31,448 INFO  [JPOX.RDBMS] - Creating table SEQUENCE_TABLE
[INFO] Initializing JDO.
07:20:31,807 INFO  [JPOX.RDBMS] - Creating table DELETE_ME1112624431807
07:20:31,808 WARN  [JPOX.RDBMS.SCHEMA] - Catalog Name could not be determined for this datastore
07:20:31,808 WARN  [JPOX.RDBMS.SCHEMA] - Schema Name could not be determined for this datastore
07:20:31,809 INFO  [JPOX.RDBMS] - Dropping table DELETE_ME1112624431807
07:20:31,809 INFO  [JPOX.RDBMS.SCHEMA] - Initialising Catalog "", Schema "" using "SchemaTable" auto-start option
07:20:31,819 INFO  [JPOX.RDBMS.SCHEMA] - Managing Persistence of Class=org.apache.maven.continuum.project.ContinuumBuildResult Table=CONTINUUMBUILDRESULT Type=FCO originally created by JPOX version 1.0.4 since it was managed previously
07:20:31,848 INFO  [JPOX.RDBMS.SCHEMA] - Managing Persistence of Class : org.apache.maven.continuum.project.ContinuumProject -- Table : CONTINUUMPROJECT
07:20:31,848 INFO  [JPOX.RDBMS.SCHEMA] - Managing Persistence of Class : org.apache.maven.continuum.project.ContinuumBuild -- Table : CONTINUUMBUILD
07:20:31,848 INFO  [JPOX.RDBMS.SCHEMA] - Managing Persistence of Class : org.apache.maven.continuum.project.ContinuumBuildResult -- Table : CONTINUUMBUILDRESULT
07:20:31,956 INFO  [JPOX.RDBMS.SCHEMA] - Managing Persistence of Field : org.apache.maven.continuum.project.ContinuumBuildResult.changedFiles -- Table : CONTINUUMBUILDRESULT_CHANGEDFILES
07:20:31,956 INFO  [JPOX.RDBMS.SCHEMA] - Managing Persistence of Field : org.apache.maven.continuum.project.ContinuumProject.builds -- Table : CONTINUUMPROJECT_BUILDS
07:20:31,994 INFO  [JPOX.RDBMS] - Validated 2 foreign key(s) for table CONTINUUMBUILD
07:20:31,995 INFO  [JPOX.RDBMS] - Validated 1 foreign key(s) for table CONTINUUMBUILDRESULT
07:20:31,999 INFO  [JPOX.RDBMS] - Validated 1 foreign key(s) for table CONTINUUMBUILDRESULT_CHANGEDFILES
07:20:32,003 INFO  [JPOX.RDBMS] - Validated 2 foreign key(s) for table CONTINUUMPROJECT_BUILDS
07:20:32,004 INFO  [JPOX.RDBMS.SCHEMA] - Managing Persistence of Class=org.apache.maven.continuum.project.ContinuumProject Table=CONTINUUMPROJECT Type=FCO originally created by JPOX version 1.0.4 since it was managed previously
07:20:32,005 INFO  [JPOX.RDBMS.SCHEMA] - Managing Persistence of Class=org.apache.maven.continuum.project.ContinuumBuild Table=CONTINUUMBUILD Type=FCO originally created by JPOX version 1.0.4 since it was managed previously
07:20:32,005 INFO  [JPOX.RDBMS.SCHEMA] - Catalog "", Schema "" initialised - managing 5 classes
[surefire] Running org.apache.maven.continuum.buildqueue.BuildQueueTest
[surefire] Tests run: 2, Failures: 0, Errors: 0, Time elapsed: 0.376 sec
[INFO] Starting socket listener on port 54321
[INFO] Stopping socket listener on port 54321
[surefire] Running org.apache.maven.continuum.network.SimpleServerSocketConnectionFactoryTest
[surefire] Tests run: 1, Failures: 0, Errors: 0, Time elapsed: 0.361 sec
[INFO] Setting property: velocimacro.library => '/org/apache/maven/continuum/notification/mail/templates/common.vm'.
[INFO] Setting property: resource.loader => 'threadContext'.
[INFO] Setting property: threadContext.resource.loader.class => 'org.codehaus.plexus.velocity.ContextClassLoaderResourceLoader'.
[INFO] ************************************************************** 
[INFO] Starting Jakarta Velocity v1.4
[INFO] RuntimeInstance initializing.
[INFO] Default Properties File: org/apache/velocity/runtime/defaults/velocity.properties
[INFO] Default ResourceManager initializing. (class org.apache.velocity.runtime.resource.ResourceManagerImpl)
[INFO] Resource Loader Instantiated: org.codehaus.plexus.velocity.ContextClassLoaderResourceLoader
[INFO] ClasspathResourceLoader : initialization starting.
[INFO] ClasspathResourceLoader : initialization complete.
[INFO] ResourceCache : initialized. (class org.apache.velocity.runtime.resource.ResourceCacheImpl)
[INFO] Default ResourceManager initialization complete.
[INFO] Loaded System Directive: org.apache.velocity.runtime.directive.Literal
[INFO] Loaded System Directive: org.apache.velocity.runtime.directive.Macro
[INFO] Loaded System Directive: org.apache.velocity.runtime.directive.Parse
[INFO] Loaded System Directive: org.apache.velocity.runtime.directive.Include
[INFO] Loaded System Directive: org.apache.velocity.runtime.directive.Foreach
[INFO] Created: 20 parsers.
[INFO] Velocimacro : initialization starting.
[INFO] Velocimacro : adding VMs from VM library template : /org/apache/maven/continuum/notification/mail/templates/common.vm
[INFO] Velocimacro : added new VM : #shellBuildResult( ) : source = /org/apache/maven/continuum/notification/mail/templates/common.vm
[INFO] ResourceManager : found /org/apache/maven/continuum/notification/mail/templates/common.vm with loader org.codehaus.plexus.velocity.ContextClassLoaderResourceLoader
[INFO] Velocimacro :  VM library template macro registration complete.
[INFO] Velocimacro : allowInline = true : VMs can be defined inline in templates
[INFO] Velocimacro : allowInlineToOverride = false : VMs defined inline may NOT replace previous VM definitions
[INFO] Velocimacro : allowInlineLocal = false : VMs defined inline will be  global in scope if allowed.
[INFO] Velocimacro : messages on  : VM system will output logging messages
[INFO] Velocimacro : autoload off  : VM system will not automatically reload global library macros
[INFO] Velocimacro : initialization complete.
[INFO] Velocity successfully started.
[INFO] Initializing JDO.
[INFO] Using 'continuum@localhost' as the from mailbox for all emails.
[INFO] From name: Continuum
07:20:32,901 INFO  [JPOX.RDBMS] - Creating table DELETE_ME1112624432901
07:20:32,908 WARN  [JPOX.RDBMS.SCHEMA] - Catalog Name could not be determined for this datastore
07:20:32,908 WARN  [JPOX.RDBMS.SCHEMA] - Schema Name could not be determined for this datastore
07:20:32,909 INFO  [JPOX.RDBMS] - Dropping table DELETE_ME1112624432901
07:20:32,909 INFO  [JPOX.RDBMS.SCHEMA] - Initialising Catalog "", Schema "" using "SchemaTable" auto-start option
07:20:32,914 INFO  [JPOX.RDBMS.SCHEMA] - Managing Persistence of Class=org.apache.maven.continuum.project.ContinuumProject Table=CONTINUUMPROJECT Type=FCO originally created by JPOX version 1.0.4 since it was managed previously
07:20:32,950 INFO  [JPOX.RDBMS.SCHEMA] - Managing Persistence of Class : org.apache.maven.continuum.project.ContinuumBuildResult -- Table : CONTINUUMBUILDRESULT
07:20:32,951 INFO  [JPOX.RDBMS.SCHEMA] - Managing Persistence of Class : org.apache.maven.continuum.project.ContinuumBuild -- Table : CONTINUUMBUILD
07:20:32,951 INFO  [JPOX.RDBMS.SCHEMA] - Managing Persistence of Class : org.apache.maven.continuum.project.ContinuumProject -- Table : CONTINUUMPROJECT
07:20:32,952 INFO  [JPOX.RDBMS.SCHEMA] - Managing Persistence of Field : org.apache.maven.continuum.project.ContinuumBuildResult.changedFiles -- Table : CONTINUUMBUILDRESULT_CHANGEDFILES
07:20:32,952 INFO  [JPOX.RDBMS.SCHEMA] - Managing Persistence of Field : org.apache.maven.continuum.project.ContinuumProject.builds -- Table : CONTINUUMPROJECT_BUILDS
07:20:32,968 INFO  [JPOX.RDBMS] - Validated 2 foreign key(s) for table CONTINUUMBUILD
07:20:32,972 INFO  [JPOX.RDBMS] - Validated 1 foreign key(s) for table CONTINUUMBUILDRESULT
07:20:32,977 INFO  [JPOX.RDBMS] - Validated 1 foreign key(s) for table CONTINUUMBUILDRESULT_CHANGEDFILES
07:20:32,978 INFO  [JPOX.RDBMS] - Validated 2 foreign key(s) for table CONTINUUMPROJECT_BUILDS
07:20:32,979 INFO  [JPOX.RDBMS.SCHEMA] - Managing Persistence of Class=org.apache.maven.continuum.project.ContinuumBuild Table=CONTINUUMBUILD Type=FCO originally created by JPOX version 1.0.4 since it was managed previously
07:20:32,979 INFO  [JPOX.RDBMS.SCHEMA] - Managing Persistence of Class=org.apache.maven.continuum.project.ContinuumBuildResult Table=CONTINUUMBUILDRESULT Type=FCO originally created by JPOX version 1.0.4 since it was managed previously
07:20:32,980 INFO  [JPOX.RDBMS.SCHEMA] - Catalog "", Schema "" initialised - managing 5 classes
[INFO] ResourceManager : found /org/apache/maven/continuum/notification/mail/templates/maven2/BuildComplete.vm with loader org.codehaus.plexus.velocity.ContextClassLoaderResourceLoader
[WARNING] org.apache.velocity.runtime.exception.ReferenceException: reference : template = /org/apache/maven/continuum/notification/mail/templates/maven2/BuildComplete.vm [line 12,column 30] : $buildHost is not a valid reference.
[INFO] Sending message: From '"Continuum" <continuum@localhost>'.
[INFO] Recipient: To '<foo@bar>'.
[surefire] Running org.apache.maven.continuum.notification.mail.MailContinuumNotifierTest
[surefire] Tests run: 1, Failures: 0, Errors: 0, Time elapsed: 0.532 sec
[surefire] Running org.apache.maven.continuum.notification.mail.FormatterToolTest
[surefire] Tests run: 1, Failures: 1, Errors: 0, Time elapsed: 0.002 sec <<<<<<<< FAILURE !! 
[WARNING] Using 'nobody@localhost' as the to address for all emails.
[INFO] Initializing JDO.
07:20:33,261 INFO  [JPOX.RDBMS] - Creating table DELETE_ME1112624433261
07:20:33,265 WARN  [JPOX.RDBMS.SCHEMA] - Catalog Name could not be determined for this datastore
07:20:33,265 WARN  [JPOX.RDBMS.SCHEMA] - Schema Name could not be determined for this datastore
07:20:33,265 INFO  [JPOX.RDBMS] - Dropping table DELETE_ME1112624433261
07:20:33,265 INFO  [JPOX.RDBMS.SCHEMA] - Initialising Catalog "", Schema "" using "SchemaTable" auto-start option
07:20:33,271 INFO  [JPOX.RDBMS.SCHEMA] - Managing Persistence of Class=org.apache.maven.continuum.project.ContinuumBuildResult Table=CONTINUUMBUILDRESULT Type=FCO originally created by JPOX version 1.0.4 since it was managed previously
07:20:33,292 INFO  [JPOX.RDBMS.SCHEMA] - Managing Persistence of Class : org.apache.maven.continuum.project.ContinuumProject -- Table : CONTINUUMPROJECT
07:20:33,292 INFO  [JPOX.RDBMS.SCHEMA] - Managing Persistence of Class : org.apache.maven.continuum.project.ContinuumBuild -- Table : CONTINUUMBUILD
07:20:33,292 INFO  [JPOX.RDBMS.SCHEMA] - Managing Persistence of Class : org.apache.maven.continuum.project.ContinuumBuildResult -- Table : CONTINUUMBUILDRESULT
07:20:33,293 INFO  [JPOX.RDBMS.SCHEMA] - Managing Persistence of Field : org.apache.maven.continuum.project.ContinuumBuildResult.changedFiles -- Table : CONTINUUMBUILDRESULT_CHANGEDFILES
07:20:33,293 INFO  [JPOX.RDBMS.SCHEMA] - Managing Persistence of Field : org.apache.maven.continuum.project.ContinuumProject.builds -- Table : CONTINUUMPROJECT_BUILDS
07:20:33,315 INFO  [JPOX.RDBMS] - Validated 2 foreign key(s) for table CONTINUUMBUILD
07:20:33,317 INFO  [JPOX.RDBMS] - Validated 1 foreign key(s) for table CONTINUUMBUILDRESULT
07:20:33,321 INFO  [JPOX.RDBMS] - Validated 1 foreign key(s) for table CONTINUUMBUILDRESULT_CHANGEDFILES
07:20:33,324 INFO  [JPOX.RDBMS] - Validated 2 foreign key(s) for table CONTINUUMPROJECT_BUILDS
07:20:33,324 INFO  [JPOX.RDBMS.SCHEMA] - Managing Persistence of Class=org.apache.maven.continuum.project.ContinuumProject Table=CONTINUUMPROJECT Type=FCO originally created by JPOX version 1.0.4 since it was managed previously
07:20:33,325 INFO  [JPOX.RDBMS.SCHEMA] - Managing Persistence of Class=org.apache.maven.continuum.project.ContinuumBuild Table=CONTINUUMBUILD Type=FCO originally created by JPOX version 1.0.4 since it was managed previously
07:20:33,325 INFO  [JPOX.RDBMS.SCHEMA] - Catalog "", Schema "" initialised - managing 5 classes
Build event for project 'Test Project':Build complete.
[surefire] Running org.apache.maven.continuum.notification.ContinuumNotificationDispatcherTest
[surefire] Tests run: 1, Failures: 0, Errors: 0, Time elapsed: 0.368 sec
[INFO] Initializing JDO.
07:20:33,587 INFO  [JPOX.RDBMS] - Creating table DELETE_ME1112624433587
07:20:33,588 WARN  [JPOX.RDBMS.SCHEMA] - Catalog Name could not be determined for this datastore
07:20:33,588 WARN  [JPOX.RDBMS.SCHEMA] - Schema Name could not be determined for this datastore
07:20:33,589 INFO  [JPOX.RDBMS] - Dropping table DELETE_ME1112624433587
07:20:33,589 INFO  [JPOX.RDBMS.SCHEMA] - Initialising Catalog "", Schema "" using "SchemaTable" auto-start option
07:20:33,596 INFO  [JPOX.RDBMS.SCHEMA] - Managing Persistence of Class=org.apache.maven.continuum.project.ContinuumBuildResult Table=CONTINUUMBUILDRESULT Type=FCO originally created by JPOX version 1.0.4 since it was managed previously
07:20:33,620 INFO  [JPOX.RDBMS.SCHEMA] - Managing Persistence of Class : org.apache.maven.continuum.project.ContinuumProject -- Table : CONTINUUMPROJECT
07:20:33,621 INFO  [JPOX.RDBMS.SCHEMA] - Managing Persistence of Class : org.apache.maven.continuum.project.ContinuumBuild -- Table : CONTINUUMBUILD
07:20:33,621 INFO  [JPOX.RDBMS.SCHEMA] - Managing Persistence of Class : org.apache.maven.continuum.project.ContinuumBuildResult -- Table : CONTINUUMBUILDRESULT
07:20:33,622 INFO  [JPOX.RDBMS.SCHEMA] - Managing Persistence of Field : org.apache.maven.continuum.project.ContinuumBuildResult.changedFiles -- Table : CONTINUUMBUILDRESULT_CHANGEDFILES
07:20:33,622 INFO  [JPOX.RDBMS.SCHEMA] - Managing Persistence of Field : org.apache.maven.continuum.project.ContinuumProject.builds -- Table : CONTINUUMPROJECT_BUILDS
07:20:33,636 INFO  [JPOX.RDBMS] - Validated 2 foreign key(s) for table CONTINUUMBUILD
07:20:33,637 INFO  [JPOX.RDBMS] - Validated 1 foreign key(s) for table CONTINUUMBUILDRESULT
07:20:33,640 INFO  [JPOX.RDBMS] - Validated 1 foreign key(s) for table CONTINUUMBUILDRESULT_CHANGEDFILES
07:20:33,641 INFO  [JPOX.RDBMS] - Validated 2 foreign key(s) for table CONTINUUMPROJECT_BUILDS
07:20:33,642 INFO  [JPOX.RDBMS.SCHEMA] - Managing Persistence of Class=org.apache.maven.continuum.project.ContinuumBuild Table=CONTINUUMBUILD Type=FCO originally created by JPOX version 1.0.4 since it was managed previously
07:20:33,642 INFO  [JPOX.RDBMS.SCHEMA] - Managing Persistence of Class=org.apache.maven.continuum.project.ContinuumProject Table=CONTINUUMPROJECT Type=FCO originally created by JPOX version 1.0.4 since it was managed previously
07:20:33,642 INFO  [JPOX.RDBMS.SCHEMA] - Catalog "", Schema "" initialised - managing 5 classes
[INFO] Initializing JDO.
07:20:33,695 INFO  [JPOX.RDBMS] - Creating table DELETE_ME1112624433694
07:20:33,698 WARN  [JPOX.RDBMS.SCHEMA] - Catalog Name could not be determined for this datastore
07:20:33,698 WARN  [JPOX.RDBMS.SCHEMA] - Schema Name could not be determined for this datastore
07:20:33,698 INFO  [JPOX.RDBMS] - Dropping table DELETE_ME1112624433694
07:20:33,698 INFO  [JPOX.RDBMS.SCHEMA] - Initialising Catalog "", Schema "" using "SchemaTable" auto-start option
07:20:33,703 INFO  [JPOX.RDBMS.SCHEMA] - Managing Persistence of Class=org.apache.maven.continuum.project.ContinuumBuild Table=CONTINUUMBUILD Type=FCO originally created by JPOX version 1.0.4 since it was managed previously
07:20:33,859 INFO  [JPOX.RDBMS.SCHEMA] - Managing Persistence of Class : org.apache.maven.continuum.project.ContinuumBuildResult -- Table : CONTINUUMBUILDRESULT
07:20:33,860 INFO  [JPOX.RDBMS.SCHEMA] - Managing Persistence of Class : org.apache.maven.continuum.project.ContinuumProject -- Table : CONTINUUMPROJECT
07:20:33,860 INFO  [JPOX.RDBMS.SCHEMA] - Managing Persistence of Class : org.apache.maven.continuum.project.ContinuumBuild -- Table : CONTINUUMBUILD
07:20:33,862 INFO  [JPOX.RDBMS.SCHEMA] - Managing Persistence of Field : org.apache.maven.continuum.project.ContinuumBuildResult.changedFiles -- Table : CONTINUUMBUILDRESULT_CHANGEDFILES
07:20:33,862 INFO  [JPOX.RDBMS.SCHEMA] - Managing Persistence of Field : org.apache.maven.continuum.project.ContinuumProject.builds -- Table : CONTINUUMPROJECT_BUILDS
07:20:33,883 INFO  [JPOX.RDBMS] - Validated 2 foreign key(s) for table CONTINUUMBUILD
07:20:33,884 INFO  [JPOX.RDBMS] - Validated 1 foreign key(s) for table CONTINUUMBUILDRESULT
07:20:33,886 INFO  [JPOX.RDBMS] - Validated 1 foreign key(s) for table CONTINUUMBUILDRESULT_CHANGEDFILES
07:20:33,889 INFO  [JPOX.RDBMS] - Validated 2 foreign key(s) for table CONTINUUMPROJECT_BUILDS
07:20:33,889 INFO  [JPOX.RDBMS.SCHEMA] - Managing Persistence of Class=org.apache.maven.continuum.project.ContinuumProject Table=CONTINUUMPROJECT Type=FCO originally created by JPOX version 1.0.4 since it was managed previously
07:20:33,890 INFO  [JPOX.RDBMS.SCHEMA] - Managing Persistence of Class=org.apache.maven.continuum.project.ContinuumBuildResult Table=CONTINUUMBUILDRESULT Type=FCO originally created by JPOX version 1.0.4 since it was managed previously
07:20:33,890 INFO  [JPOX.RDBMS.SCHEMA] - Catalog "", Schema "" initialised - managing 5 classes
07:20:33,918 INFO  [JPOX.RDBMS.SCHEMA] - Managing Persistence of Class : org.apache.maven.continuum.builder.shell.ShellBuildResult -- Table : SHELLBUILDRESULT
07:20:33,923 WARN  [JPOX.RDBMS.SCHEMA] - No column info found for table SHELLBUILDRESULT
07:20:33,924 INFO  [JPOX.RDBMS] - Creating table SHELLBUILDRESULT
07:20:33,932 INFO  [JPOX.RDBMS] - Creating foreign key constraint : .SHELLBUILDRESULT_FK1
[INFO] Initializing JDO.
07:20:34,086 INFO  [JPOX.RDBMS] - Creating table DELETE_ME1112624434086
07:20:34,087 WARN  [JPOX.RDBMS.SCHEMA] - Catalog Name could not be determined for this datastore
07:20:34,087 WARN  [JPOX.RDBMS.SCHEMA] - Schema Name could not be determined for this datastore
07:20:34,088 INFO  [JPOX.RDBMS] - Dropping table DELETE_ME1112624434086
07:20:34,088 INFO  [JPOX.RDBMS.SCHEMA] - Initialising Catalog "", Schema "" using "SchemaTable" auto-start option
07:20:34,093 INFO  [JPOX.RDBMS.SCHEMA] - Managing Persistence of Class=org.apache.maven.continuum.project.ContinuumBuild Table=CONTINUUMBUILD Type=FCO originally created by JPOX version 1.0.4 since it was managed previously
07:20:34,115 INFO  [JPOX.RDBMS.SCHEMA] - Managing Persistence of Class : org.apache.maven.continuum.project.ContinuumBuildResult -- Table : CONTINUUMBUILDRESULT
07:20:34,116 INFO  [JPOX.RDBMS.SCHEMA] - Managing Persistence of Class : org.apache.maven.continuum.project.ContinuumProject -- Table : CONTINUUMPROJECT
07:20:34,116 INFO  [JPOX.RDBMS.SCHEMA] - Managing Persistence of Class : org.apache.maven.continuum.project.ContinuumBuild -- Table : CONTINUUMBUILD
07:20:34,116 INFO  [JPOX.RDBMS.SCHEMA] - Managing Persistence of Field : org.apache.maven.continuum.project.ContinuumBuildResult.changedFiles -- Table : CONTINUUMBUILDRESULT_CHANGEDFILES
07:20:34,117 INFO  [JPOX.RDBMS.SCHEMA] - Managing Persistence of Field : org.apache.maven.continuum.project.ContinuumProject.builds -- Table : CONTINUUMPROJECT_BUILDS
07:20:34,130 INFO  [JPOX.RDBMS] - Validated 2 foreign key(s) for table CONTINUUMBUILD
07:20:34,131 INFO  [JPOX.RDBMS] - Validated 1 foreign key(s) for table CONTINUUMBUILDRESULT
07:20:34,134 INFO  [JPOX.RDBMS] - Validated 1 foreign key(s) for table CONTINUUMBUILDRESULT_CHANGEDFILES
07:20:34,135 INFO  [JPOX.RDBMS] - Validated 2 foreign key(s) for table CONTINUUMPROJECT_BUILDS
07:20:34,136 INFO  [JPOX.RDBMS.SCHEMA] - Managing Persistence of Class=org.apache.maven.continuum.builder.shell.ShellBuildResult Table=SHELLBUILDRESULT Type=FCO originally created by JPOX version 1.0.4 since it was managed previously
07:20:34,142 INFO  [JPOX.RDBMS.SCHEMA] - Managing Persistence of Class : org.apache.maven.continuum.builder.shell.ShellBuildResult -- Table : SHELLBUILDRESULT
07:20:34,152 INFO  [JPOX.RDBMS] - Validated 1 foreign key(s) for table SHELLBUILDRESULT
07:20:34,152 INFO  [JPOX.RDBMS.SCHEMA] - Managing Persistence of Class=org.apache.maven.continuum.project.ContinuumBuildResult Table=CONTINUUMBUILDRESULT Type=FCO originally created by JPOX version 1.0.4 since it was managed previously
07:20:34,153 INFO  [JPOX.RDBMS.SCHEMA] - Managing Persistence of Class=org.apache.maven.continuum.project.ContinuumProject Table=CONTINUUMPROJECT Type=FCO originally created by JPOX version 1.0.4 since it was managed previously
07:20:34,153 INFO  [JPOX.RDBMS.SCHEMA] - Catalog "", Schema "" initialised - managing 6 classes
[INFO] Initializing JDO.
07:20:34,530 INFO  [JPOX.RDBMS] - Creating table DELETE_ME1112624434530
07:20:34,531 WARN  [JPOX.RDBMS.SCHEMA] - Catalog Name could not be determined for this datastore
07:20:34,531 WARN  [JPOX.RDBMS.SCHEMA] - Schema Name could not be determined for this datastore
07:20:34,531 INFO  [JPOX.RDBMS] - Dropping table DELETE_ME1112624434530
07:20:34,531 INFO  [JPOX.RDBMS.SCHEMA] - Initialising Catalog "", Schema "" using "SchemaTable" auto-start option
07:20:34,554 INFO  [JPOX.RDBMS.SCHEMA] - Managing Persistence of Class=org.apache.maven.continuum.project.ContinuumBuildResult Table=CONTINUUMBUILDRESULT Type=FCO originally created by JPOX version 1.0.4 since it was managed previously
07:20:34,589 INFO  [JPOX.RDBMS.SCHEMA] - Managing Persistence of Class : org.apache.maven.continuum.project.ContinuumProject -- Table : CONTINUUMPROJECT
07:20:34,589 INFO  [JPOX.RDBMS.SCHEMA] - Managing Persistence of Class : org.apache.maven.continuum.project.ContinuumBuild -- Table : CONTINUUMBUILD
07:20:34,589 INFO  [JPOX.RDBMS.SCHEMA] - Managing Persistence of Class : org.apache.maven.continuum.project.ContinuumBuildResult -- Table : CONTINUUMBUILDRESULT
07:20:34,591 INFO  [JPOX.RDBMS.SCHEMA] - Managing Persistence of Field : org.apache.maven.continuum.project.ContinuumBuildResult.changedFiles -- Table : CONTINUUMBUILDRESULT_CHANGEDFILES
07:20:34,592 INFO  [JPOX.RDBMS.SCHEMA] - Managing Persistence of Field : org.apache.maven.continuum.project.ContinuumProject.builds -- Table : CONTINUUMPROJECT_BUILDS
07:20:34,621 INFO  [JPOX.RDBMS] - Validated 2 foreign key(s) for table CONTINUUMBUILD
07:20:34,624 INFO  [JPOX.RDBMS] - Validated 1 foreign key(s) for table CONTINUUMBUILDRESULT
07:20:34,627 INFO  [JPOX.RDBMS] - Validated 1 foreign key(s) for table CONTINUUMBUILDRESULT_CHANGEDFILES
07:20:34,628 INFO  [JPOX.RDBMS] - Validated 2 foreign key(s) for table CONTINUUMPROJECT_BUILDS
07:20:34,630 INFO  [JPOX.RDBMS.SCHEMA] - Managing Persistence of Class=org.apache.maven.continuum.project.ContinuumBuild Table=CONTINUUMBUILD Type=FCO originally created by JPOX version 1.0.4 since it was managed previously
07:20:34,642 INFO  [JPOX.RDBMS.SCHEMA] - Managing Persistence of Class=org.apache.maven.continuum.builder.shell.ShellBuildResult Table=SHELLBUILDRESULT Type=FCO originally created by JPOX version 1.0.4 since it was managed previously
07:20:34,648 INFO  [JPOX.RDBMS.SCHEMA] - Managing Persistence of Class : org.apache.maven.continuum.builder.shell.ShellBuildResult -- Table : SHELLBUILDRESULT
07:20:34,654 INFO  [JPOX.RDBMS] - Validated 1 foreign key(s) for table SHELLBUILDRESULT
07:20:34,655 INFO  [JPOX.RDBMS.SCHEMA] - Managing Persistence of Class=org.apache.maven.continuum.project.ContinuumProject Table=CONTINUUMPROJECT Type=FCO originally created by JPOX version 1.0.4 since it was managed previously
07:20:34,655 INFO  [JPOX.RDBMS.SCHEMA] - Catalog "", Schema "" initialised - managing 6 classes
[INFO] Initializing JDO.
07:20:34,710 INFO  [JPOX.RDBMS] - Creating table DELETE_ME1112624434710
07:20:34,711 WARN  [JPOX.RDBMS.SCHEMA] - Catalog Name could not be determined for this datastore
07:20:34,712 WARN  [JPOX.RDBMS.SCHEMA] - Schema Name could not be determined for this datastore
07:20:34,712 INFO  [JPOX.RDBMS] - Dropping table DELETE_ME1112624434710
07:20:34,713 INFO  [JPOX.RDBMS.SCHEMA] - Initialising Catalog "", Schema "" using "SchemaTable" auto-start option
07:20:34,822 INFO  [JPOX.RDBMS.SCHEMA] - Managing Persistence of Class=org.apache.maven.continuum.project.ContinuumBuild Table=CONTINUUMBUILD Type=FCO originally created by JPOX version 1.0.4 since it was managed previously
07:20:34,954 INFO  [JPOX.RDBMS.SCHEMA] - Managing Persistence of Class : org.apache.maven.continuum.project.ContinuumBuildResult -- Table : CONTINUUMBUILDRESULT
07:20:34,955 INFO  [JPOX.RDBMS.SCHEMA] - Managing Persistence of Class : org.apache.maven.continuum.project.ContinuumProject -- Table : CONTINUUMPROJECT
07:20:34,955 INFO  [JPOX.RDBMS.SCHEMA] - Managing Persistence of Class : org.apache.maven.continuum.project.ContinuumBuild -- Table : CONTINUUMBUILD
07:20:34,955 INFO  [JPOX.RDBMS.SCHEMA] - Managing Persistence of Field : org.apache.maven.continuum.project.ContinuumBuildResult.changedFiles -- Table : CONTINUUMBUILDRESULT_CHANGEDFILES
07:20:34,956 INFO  [JPOX.RDBMS.SCHEMA] - Managing Persistence of Field : org.apache.maven.continuum.project.ContinuumProject.builds -- Table : CONTINUUMPROJECT_BUILDS
07:20:34,969 INFO  [JPOX.RDBMS] - Validated 2 foreign key(s) for table CONTINUUMBUILD
07:20:34,971 INFO  [JPOX.RDBMS] - Validated 1 foreign key(s) for table CONTINUUMBUILDRESULT
07:20:34,973 INFO  [JPOX.RDBMS] - Validated 1 foreign key(s) for table CONTINUUMBUILDRESULT_CHANGEDFILES
07:20:34,974 INFO  [JPOX.RDBMS] - Validated 2 foreign key(s) for table CONTINUUMPROJECT_BUILDS
07:20:34,974 INFO  [JPOX.RDBMS.SCHEMA] - Managing Persistence of Class=org.apache.maven.continuum.project.ContinuumProject Table=CONTINUUMPROJECT Type=FCO originally created by JPOX version 1.0.4 since it was managed previously
07:20:34,975 INFO  [JPOX.RDBMS.SCHEMA] - Managing Persistence of Class=org.apache.maven.continuum.builder.shell.ShellBuildResult Table=SHELLBUILDRESULT Type=FCO originally created by JPOX version 1.0.4 since it was managed previously
07:20:34,980 INFO  [JPOX.RDBMS.SCHEMA] - Managing Persistence of Class : org.apache.maven.continuum.builder.shell.ShellBuildResult -- Table : SHELLBUILDRESULT
07:20:34,993 INFO  [JPOX.RDBMS] - Validated 1 foreign key(s) for table SHELLBUILDRESULT
07:20:34,996 INFO  [JPOX.RDBMS.SCHEMA] - Managing Persistence of Class=org.apache.maven.continuum.project.ContinuumBuildResult Table=CONTINUUMBUILDRESULT Type=FCO originally created by JPOX version 1.0.4 since it was managed previously
07:20:34,996 INFO  [JPOX.RDBMS.SCHEMA] - Catalog "", Schema "" initialised - managing 6 classes
[INFO] Initializing JDO.
07:20:35,049 INFO  [JPOX.RDBMS] - Creating table DELETE_ME1112624435049
07:20:35,051 WARN  [JPOX.RDBMS.SCHEMA] - Catalog Name could not be determined for this datastore
07:20:35,051 WARN  [JPOX.RDBMS.SCHEMA] - Schema Name could not be determined for this datastore
07:20:35,051 INFO  [JPOX.RDBMS] - Dropping table DELETE_ME1112624435049
07:20:35,051 INFO  [JPOX.RDBMS.SCHEMA] - Initialising Catalog "", Schema "" using "SchemaTable" auto-start option
07:20:35,058 INFO  [JPOX.RDBMS.SCHEMA] - Managing Persistence of Class=org.apache.maven.continuum.builder.shell.ShellBuildResult Table=SHELLBUILDRESULT Type=FCO originally created by JPOX version 1.0.4 since it was managed previously
07:20:35,195 INFO  [JPOX.RDBMS.SCHEMA] - Managing Persistence of Class : org.apache.maven.continuum.project.ContinuumProject -- Table : CONTINUUMPROJECT
07:20:35,195 INFO  [JPOX.RDBMS.SCHEMA] - Managing Persistence of Class : org.apache.maven.continuum.project.ContinuumBuild -- Table : CONTINUUMBUILD
07:20:35,195 INFO  [JPOX.RDBMS.SCHEMA] - Managing Persistence of Class : org.apache.maven.continuum.project.ContinuumBuildResult -- Table : CONTINUUMBUILDRESULT
07:20:35,195 INFO  [JPOX.RDBMS.SCHEMA] - Managing Persistence of Class : org.apache.maven.continuum.builder.shell.ShellBuildResult -- Table : SHELLBUILDRESULT
07:20:35,197 INFO  [JPOX.RDBMS.SCHEMA] - Managing Persistence of Field : org.apache.maven.continuum.project.ContinuumBuildResult.changedFiles -- Table : CONTINUUMBUILDRESULT_CHANGEDFILES
07:20:35,197 INFO  [JPOX.RDBMS.SCHEMA] - Managing Persistence of Field : org.apache.maven.continuum.project.ContinuumProject.builds -- Table : CONTINUUMPROJECT_BUILDS
07:20:35,212 INFO  [JPOX.RDBMS] - Validated 2 foreign key(s) for table CONTINUUMBUILD
07:20:35,213 INFO  [JPOX.RDBMS] - Validated 1 foreign key(s) for table SHELLBUILDRESULT
07:20:35,214 INFO  [JPOX.RDBMS] - Validated 1 foreign key(s) for table CONTINUUMBUILDRESULT
07:20:35,221 INFO  [JPOX.RDBMS] - Validated 1 foreign key(s) for table CONTINUUMBUILDRESULT_CHANGEDFILES
07:20:35,222 INFO  [JPOX.RDBMS] - Validated 2 foreign key(s) for table CONTINUUMPROJECT_BUILDS
07:20:35,223 INFO  [JPOX.RDBMS.SCHEMA] - Managing Persistence of Class=org.apache.maven.continuum.project.ContinuumProject Table=CONTINUUMPROJECT Type=FCO originally created by JPOX version 1.0.4 since it was managed previously
07:20:35,223 INFO  [JPOX.RDBMS.SCHEMA] - Managing Persistence of Class=org.apache.maven.continuum.project.ContinuumBuild Table=CONTINUUMBUILD Type=FCO originally created by JPOX version 1.0.4 since it was managed previously
07:20:35,224 INFO  [JPOX.RDBMS.SCHEMA] - Managing Persistence of Class=org.apache.maven.continuum.project.ContinuumBuildResult Table=CONTINUUMBUILDRESULT Type=FCO originally created by JPOX version 1.0.4 since it was managed previously
07:20:35,224 INFO  [JPOX.RDBMS.SCHEMA] - Catalog "", Schema "" initialised - managing 6 classes
[INFO] Initializing JDO.
07:20:35,395 INFO  [JPOX.RDBMS] - Creating table DELETE_ME1112624435395
07:20:35,398 WARN  [JPOX.RDBMS.SCHEMA] - Catalog Name could not be determined for this datastore
07:20:35,398 WARN  [JPOX.RDBMS.SCHEMA] - Schema Name could not be determined for this datastore
07:20:35,399 INFO  [JPOX.RDBMS] - Dropping table DELETE_ME1112624435395
07:20:35,399 INFO  [JPOX.RDBMS.SCHEMA] - Initialising Catalog "", Schema "" using "SchemaTable" auto-start option
07:20:35,403 INFO  [JPOX.RDBMS.SCHEMA] - Managing Persistence of Class=org.apache.maven.continuum.builder.shell.ShellBuildResult Table=SHELLBUILDRESULT Type=FCO originally created by JPOX version 1.0.4 since it was managed previously
07:20:35,434 INFO  [JPOX.RDBMS.SCHEMA] - Managing Persistence of Class : org.apache.maven.continuum.project.ContinuumProject -- Table : CONTINUUMPROJECT
07:20:35,434 INFO  [JPOX.RDBMS.SCHEMA] - Managing Persistence of Class : org.apache.maven.continuum.project.ContinuumBuild -- Table : CONTINUUMBUILD
07:20:35,434 INFO  [JPOX.RDBMS.SCHEMA] - Managing Persistence of Class : org.apache.maven.continuum.project.ContinuumBuildResult -- Table : CONTINUUMBUILDRESULT
07:20:35,434 INFO  [JPOX.RDBMS.SCHEMA] - Managing Persistence of Class : org.apache.maven.continuum.builder.shell.ShellBuildResult -- Table : SHELLBUILDRESULT
07:20:35,435 INFO  [JPOX.RDBMS.SCHEMA] - Managing Persistence of Field : org.apache.maven.continuum.project.ContinuumBuildResult.changedFiles -- Table : CONTINUUMBUILDRESULT_CHANGEDFILES
07:20:35,435 INFO  [JPOX.RDBMS.SCHEMA] - Managing Persistence of Field : org.apache.maven.continuum.project.ContinuumProject.builds -- Table : CONTINUUMPROJECT_BUILDS
07:20:35,448 INFO  [JPOX.RDBMS] - Validated 2 foreign key(s) for table CONTINUUMBUILD
07:20:35,450 INFO  [JPOX.RDBMS] - Validated 1 foreign key(s) for table SHELLBUILDRESULT
07:20:35,454 INFO  [JPOX.RDBMS] - Validated 1 foreign key(s) for table CONTINUUMBUILDRESULT
07:20:35,457 INFO  [JPOX.RDBMS] - Validated 1 foreign key(s) for table CONTINUUMBUILDRESULT_CHANGEDFILES
07:20:35,458 INFO  [JPOX.RDBMS] - Validated 2 foreign key(s) for table CONTINUUMPROJECT_BUILDS
07:20:35,459 INFO  [JPOX.RDBMS.SCHEMA] - Managing Persistence of Class=org.apache.maven.continuum.project.ContinuumBuildResult Table=CONTINUUMBUILDRESULT Type=FCO originally created by JPOX version 1.0.4 since it was managed previously
07:20:35,459 INFO  [JPOX.RDBMS.SCHEMA] - Managing Persistence of Class=org.apache.maven.continuum.project.ContinuumBuild Table=CONTINUUMBUILD Type=FCO originally created by JPOX version 1.0.4 since it was managed previously
07:20:35,459 INFO  [JPOX.RDBMS.SCHEMA] - Managing Persistence of Class=org.apache.maven.continuum.project.ContinuumProject Table=CONTINUUMPROJECT Type=FCO originally created by JPOX version 1.0.4 since it was managed previously
07:20:35,459 INFO  [JPOX.RDBMS.SCHEMA] - Catalog "", Schema "" initialised - managing 6 classes
[INFO] Initializing JDO.
07:20:36,098 INFO  [JPOX.RDBMS] - Creating table DELETE_ME1112624436098
07:20:36,100 WARN  [JPOX.RDBMS.SCHEMA] - Catalog Name could not be determined for this datastore
07:20:36,100 WARN  [JPOX.RDBMS.SCHEMA] - Schema Name could not be determined for this datastore
07:20:36,100 INFO  [JPOX.RDBMS] - Dropping table DELETE_ME1112624436098
07:20:36,100 INFO  [JPOX.RDBMS.SCHEMA] - Initialising Catalog "", Schema "" using "SchemaTable" auto-start option
07:20:36,108 INFO  [JPOX.RDBMS.SCHEMA] - Managing Persistence of Class=org.apache.maven.continuum.builder.shell.ShellBuildResult Table=SHELLBUILDRESULT Type=FCO originally created by JPOX version 1.0.4 since it was managed previously
07:20:36,137 INFO  [JPOX.RDBMS.SCHEMA] - Managing Persistence of Class : org.apache.maven.continuum.project.ContinuumProject -- Table : CONTINUUMPROJECT
07:20:36,138 INFO  [JPOX.RDBMS.SCHEMA] - Managing Persistence of Class : org.apache.maven.continuum.project.ContinuumBuild -- Table : CONTINUUMBUILD
07:20:36,138 INFO  [JPOX.RDBMS.SCHEMA] - Managing Persistence of Class : org.apache.maven.continuum.project.ContinuumBuildResult -- Table : CONTINUUMBUILDRESULT
07:20:36,138 INFO  [JPOX.RDBMS.SCHEMA] - Managing Persistence of Class : org.apache.maven.continuum.builder.shell.ShellBuildResult -- Table : SHELLBUILDRESULT
07:20:36,139 INFO  [JPOX.RDBMS.SCHEMA] - Managing Persistence of Field : org.apache.maven.continuum.project.ContinuumBuildResult.changedFiles -- Table : CONTINUUMBUILDRESULT_CHANGEDFILES
07:20:36,139 INFO  [JPOX.RDBMS.SCHEMA] - Managing Persistence of Field : org.apache.maven.continuum.project.ContinuumProject.builds -- Table : CONTINUUMPROJECT_BUILDS
07:20:36,153 INFO  [JPOX.RDBMS] - Validated 2 foreign key(s) for table CONTINUUMBUILD
07:20:36,155 INFO  [JPOX.RDBMS] - Validated 1 foreign key(s) for table SHELLBUILDRESULT
07:20:36,156 INFO  [JPOX.RDBMS] - Validated 1 foreign key(s) for table CONTINUUMBUILDRESULT
07:20:36,159 INFO  [JPOX.RDBMS] - Validated 1 foreign key(s) for table CONTINUUMBUILDRESULT_CHANGEDFILES
07:20:36,161 INFO  [JPOX.RDBMS] - Validated 2 foreign key(s) for table CONTINUUMPROJECT_BUILDS
07:20:36,161 INFO  [JPOX.RDBMS.SCHEMA] - Managing Persistence of Class=org.apache.maven.continuum.project.ContinuumProject Table=CONTINUUMPROJECT Type=FCO originally created by JPOX version 1.0.4 since it was managed previously
07:20:36,161 INFO  [JPOX.RDBMS.SCHEMA] - Managing Persistence of Class=org.apache.maven.continuum.project.ContinuumBuildResult Table=CONTINUUMBUILDRESULT Type=FCO originally created by JPOX version 1.0.4 since it was managed previously
07:20:36,162 INFO  [JPOX.RDBMS.SCHEMA] - Managing Persistence of Class=org.apache.maven.continuum.project.ContinuumBuild Table=CONTINUUMBUILD Type=FCO originally created by JPOX version 1.0.4 since it was managed previously
07:20:36,162 INFO  [JPOX.RDBMS.SCHEMA] - Catalog "", Schema "" initialised - managing 6 classes
[INFO] Initializing JDO.
07:20:36,193 INFO  [JPOX.RDBMS] - Creating table DELETE_ME1112624436193
07:20:36,194 WARN  [JPOX.RDBMS.SCHEMA] - Catalog Name could not be determined for this datastore
07:20:36,195 WARN  [JPOX.RDBMS.SCHEMA] - Schema Name could not be determined for this datastore
07:20:36,195 INFO  [JPOX.RDBMS] - Dropping table DELETE_ME1112624436193
07:20:36,196 INFO  [JPOX.RDBMS.SCHEMA] - Initialising Catalog "", Schema "" using "SchemaTable" auto-start option
07:20:36,203 INFO  [JPOX.RDBMS.SCHEMA] - Managing Persistence of Class=org.apache.maven.continuum.builder.shell.ShellBuildResult Table=SHELLBUILDRESULT Type=FCO originally created by JPOX version 1.0.4 since it was managed previously
07:20:36,335 INFO  [JPOX.RDBMS.SCHEMA] - Managing Persistence of Class : org.apache.maven.continuum.project.ContinuumProject -- Table : CONTINUUMPROJECT
07:20:36,335 INFO  [JPOX.RDBMS.SCHEMA] - Managing Persistence of Class : org.apache.maven.continuum.project.ContinuumBuild -- Table : CONTINUUMBUILD
07:20:36,336 INFO  [JPOX.RDBMS.SCHEMA] - Managing Persistence of Class : org.apache.maven.continuum.project.ContinuumBuildResult -- Table : CONTINUUMBUILDRESULT
07:20:36,336 INFO  [JPOX.RDBMS.SCHEMA] - Managing Persistence of Class : org.apache.maven.continuum.builder.shell.ShellBuildResult -- Table : SHELLBUILDRESULT
07:20:36,336 INFO  [JPOX.RDBMS.SCHEMA] - Managing Persistence of Field : org.apache.maven.continuum.project.ContinuumBuildResult.changedFiles -- Table : CONTINUUMBUILDRESULT_CHANGEDFILES
07:20:36,337 INFO  [JPOX.RDBMS.SCHEMA] - Managing Persistence of Field : org.apache.maven.continuum.project.ContinuumProject.builds -- Table : CONTINUUMPROJECT_BUILDS
07:20:36,350 INFO  [JPOX.RDBMS] - Validated 2 foreign key(s) for table CONTINUUMBUILD
07:20:36,351 INFO  [JPOX.RDBMS] - Validated 1 foreign key(s) for table SHELLBUILDRESULT
07:20:36,352 INFO  [JPOX.RDBMS] - Validated 1 foreign key(s) for table CONTINUUMBUILDRESULT
07:20:36,356 INFO  [JPOX.RDBMS] - Validated 1 foreign key(s) for table CONTINUUMBUILDRESULT_CHANGEDFILES
07:20:36,357 INFO  [JPOX.RDBMS] - Validated 2 foreign key(s) for table CONTINUUMPROJECT_BUILDS
07:20:36,357 INFO  [JPOX.RDBMS.SCHEMA] - Managing Persistence of Class=org.apache.maven.continuum.project.ContinuumProject Table=CONTINUUMPROJECT Type=FCO originally created by JPOX version 1.0.4 since it was managed previously
07:20:36,358 INFO  [JPOX.RDBMS.SCHEMA] - Managing Persistence of Class=org.apache.maven.continuum.project.ContinuumBuild Table=CONTINUUMBUILD Type=FCO originally created by JPOX version 1.0.4 since it was managed previously
07:20:36,358 INFO  [JPOX.RDBMS.SCHEMA] - Managing Persistence of Class=org.apache.maven.continuum.project.ContinuumBuildResult Table=CONTINUUMBUILDRESULT Type=FCO originally created by JPOX version 1.0.4 since it was managed previously
07:20:36,358 INFO  [JPOX.RDBMS.SCHEMA] - Catalog "", Schema "" initialised - managing 6 classes
[surefire] Running org.apache.maven.continuum.store.ModelloJPoxContinuumStoreTest
[surefire] Tests run: 9, Failures: 0, Errors: 0, Time elapsed: 0.207 sec
[INFO] Builders:
[INFO]   maven-1
[INFO]   ant
[INFO]   maven2
[INFO]   shell
[INFO] Builders:
[INFO]   maven-1
[INFO]   ant
[INFO]   maven2
[INFO]   shell
[surefire] Running org.apache.maven.continuum.builder.maven.m1.Maven1BuilderTest
[surefire] Tests run: 2, Failures: 0, Errors: 0, Time elapsed: 0.139 sec
[surefire] Running org.apache.maven.continuum.builder.maven.m2.MavenBuilderHelperTest
[surefire] Tests run: 2, Failures: 0, Errors: 0, Time elapsed: 0.039 sec
[surefire] Running org.apache.maven.continuum.scm.ContinuumScmTest
[surefire] Tests run: 1, Failures: 0, Errors: 0, Time elapsed: 0.05 sec

Results :
[surefire] Tests run: 20, Failures: 1, Errors: 0

[INFO] ----------------------------------------------------------------------------
[INFO] BUILD FAILURE
[INFO] ----------------------------------------------------------------------------
[INFO] Reason: There are some test failures.
[INFO] ----------------------------------------------------------------------------
[INFO] Total time: 13 seconds
[INFO] Finished at: Mon Apr 04 07:20:37 PDT 2005
[INFO] Final Memory: 5M/13M
[INFO] ----------------------------------------------------------------------------
